<?xml version="1.0" encoding="UTF-8"?>
<testng-results ignored="0" total="3" passed="3" failed="0" skipped="0">
  <reporter-output>
  </reporter-output>
  <suite started-at="2024-08-25T08:05:37 BDT" name="Default suite" finished-at="2024-08-25T08:06:18 BDT" duration-ms="40819">
    <groups>
    </groups>
    <test started-at="2024-08-25T08:05:37 BDT" name="Default test" finished-at="2024-08-25T08:06:18 BDT" duration-ms="40819">
      <class name="authenTication.login_Search_Details">
        <test-method is-config="true" signature="setDriver()[pri:0, instance:authenTication.login_Search_Details@25cd49a4]" started-at="2024-08-25T08:05:37 BDT" name="setDriver" finished-at="2024-08-25T08:05:42 BDT" duration-ms="5330" status="PASS">
          <reporter-output>
          </reporter-output>
        </test-method> <!-- setDriver -->
        <test-method signature="ValidEmail()[pri:1, instance:authenTication.login_Search_Details@25cd49a4]" started-at="2024-08-25T08:05:43 BDT" name="ValidEmail" description="Login to the app with valid credentials" finished-at="2024-08-25T08:05:45 BDT" duration-ms="2744" status="PASS">
          <reporter-output>
          </reporter-output>
        </test-method> <!-- ValidEmail -->
        <test-method is-config="true" signature="afterMethod(org.testng.ITestResult)[pri:0, instance:authenTication.login_Search_Details@25cd49a4]" started-at="2024-08-25T08:05:45 BDT" name="afterMethod" finished-at="2024-08-25T08:05:45 BDT" duration-ms="0" status="PASS">
          <params>
            <param index="0">
              <value>
                <![CDATA[[TestResult name=ValidEmail status=SUCCESS method=login_Search_Details.ValidEmail()[pri:1, instance:authenTication.login_Search_Details@25cd49a4] output={null}]]]>
              </value>
            </param>
          </params>
          <reporter-output>
          </reporter-output>
        </test-method> <!-- afterMethod -->
        <test-method is-config="true" signature="afterMethod1(org.testng.ITestResult)[pri:0, instance:authenTication.login_Search_Details@25cd49a4]" started-at="2024-08-25T08:05:45 BDT" name="afterMethod1" finished-at="2024-08-25T08:05:46 BDT" duration-ms="536" status="PASS">
          <params>
            <param index="0">
              <value>
                <![CDATA[[TestResult name=ValidEmail status=SUCCESS method=login_Search_Details.ValidEmail()[pri:1, instance:authenTication.login_Search_Details@25cd49a4] output={null}]]]>
              </value>
            </param>
          </params>
          <reporter-output>
          </reporter-output>
        </test-method> <!-- afterMethod1 -->
        <test-method is-config="true" signature="tearDown()[pri:0, instance:authenTication.login_Search_Details@25cd49a4]" started-at="2024-08-25T08:05:46 BDT" name="tearDown" finished-at="2024-08-25T08:05:46 BDT" duration-ms="270" status="PASS">
          <reporter-output>
          </reporter-output>
        </test-method> <!-- tearDown -->
        <test-method is-config="true" signature="setDriver()[pri:0, instance:authenTication.login_Search_Details@25cd49a4]" started-at="2024-08-25T08:05:46 BDT" name="setDriver" finished-at="2024-08-25T08:05:50 BDT" duration-ms="3962" status="PASS">
          <reporter-output>
          </reporter-output>
        </test-method> <!-- setDriver -->
        <test-method signature="searchValue()[pri:2, instance:authenTication.login_Search_Details@25cd49a4]" started-at="2024-08-25T08:05:50 BDT" name="searchValue" description="Searching with different values" finished-at="2024-08-25T08:06:04 BDT" duration-ms="13862" status="PASS">
          <reporter-output>
          </reporter-output>
        </test-method> <!-- searchValue -->
        <test-method is-config="true" signature="afterMethod(org.testng.ITestResult)[pri:0, instance:authenTication.login_Search_Details@25cd49a4]" started-at="2024-08-25T08:06:04 BDT" name="afterMethod" finished-at="2024-08-25T08:06:04 BDT" duration-ms="0" status="PASS">
          <params>
            <param index="0">
              <value>
                <![CDATA[[TestResult name=searchValue status=SUCCESS method=login_Search_Details.searchValue()[pri:2, instance:authenTication.login_Search_Details@25cd49a4] output={null}]]]>
              </value>
            </param>
          </params>
          <reporter-output>
          </reporter-output>
        </test-method> <!-- afterMethod -->
        <test-method is-config="true" signature="afterMethod1(org.testng.ITestResult)[pri:0, instance:authenTication.login_Search_Details@25cd49a4]" started-at="2024-08-25T08:06:04 BDT" name="afterMethod1" finished-at="2024-08-25T08:06:04 BDT" duration-ms="204" status="PASS">
          <params>
            <param index="0">
              <value>
                <![CDATA[[TestResult name=searchValue status=SUCCESS method=login_Search_Details.searchValue()[pri:2, instance:authenTication.login_Search_Details@25cd49a4] output={null}]]]>
              </value>
            </param>
          </params>
          <reporter-output>
          </reporter-output>
        </test-method> <!-- afterMethod1 -->
        <test-method is-config="true" signature="tearDown()[pri:0, instance:authenTication.login_Search_Details@25cd49a4]" started-at="2024-08-25T08:06:04 BDT" name="tearDown" finished-at="2024-08-25T08:06:05 BDT" duration-ms="255" status="PASS">
          <reporter-output>
          </reporter-output>
        </test-method> <!-- tearDown -->
        <test-method is-config="true" signature="setDriver()[pri:0, instance:authenTication.login_Search_Details@25cd49a4]" started-at="2024-08-25T08:06:05 BDT" name="setDriver" finished-at="2024-08-25T08:06:08 BDT" duration-ms="2991" status="PASS">
          <reporter-output>
          </reporter-output>
        </test-method> <!-- setDriver -->
        <test-method signature="mangaDetails()[pri:3, instance:authenTication.login_Search_Details@25cd49a4]" started-at="2024-08-25T08:06:08 BDT" name="mangaDetails" description="Manga details" finished-at="2024-08-25T08:06:17 BDT" duration-ms="9554" status="PASS">
          <reporter-output>
          </reporter-output>
        </test-method> <!-- mangaDetails -->
        <test-method is-config="true" signature="afterMethod(org.testng.ITestResult)[pri:0, instance:authenTication.login_Search_Details@25cd49a4]" started-at="2024-08-25T08:06:17 BDT" name="afterMethod" finished-at="2024-08-25T08:06:17 BDT" duration-ms="1" status="PASS">
          <params>
            <param index="0">
              <value>
                <![CDATA[[TestResult name=mangaDetails status=SUCCESS method=login_Search_Details.mangaDetails()[pri:3, instance:authenTication.login_Search_Details@25cd49a4] output={null}]]]>
              </value>
            </param>
          </params>
          <reporter-output>
          </reporter-output>
        </test-method> <!-- afterMethod -->
        <test-method is-config="true" signature="afterMethod1(org.testng.ITestResult)[pri:0, instance:authenTication.login_Search_Details@25cd49a4]" started-at="2024-08-25T08:06:17 BDT" name="afterMethod1" finished-at="2024-08-25T08:06:18 BDT" duration-ms="459" status="PASS">
          <params>
            <param index="0">
              <value>
                <![CDATA[[TestResult name=mangaDetails status=SUCCESS method=login_Search_Details.mangaDetails()[pri:3, instance:authenTication.login_Search_Details@25cd49a4] output={null}]]]>
              </value>
            </param>
          </params>
          <reporter-output>
          </reporter-output>
        </test-method> <!-- afterMethod1 -->
        <test-method is-config="true" signature="tearDown()[pri:0, instance:authenTication.login_Search_Details@25cd49a4]" started-at="2024-08-25T08:06:18 BDT" name="tearDown" finished-at="2024-08-25T08:06:18 BDT" duration-ms="270" status="PASS">
          <reporter-output>
          </reporter-output>
        </test-method> <!-- tearDown -->
      </class> <!-- authenTication.login_Search_Details -->
    </test> <!-- Default test -->
  </suite> <!-- Default suite -->
</testng-results>
